{"level":"info","message":"MongoDB Connected: ac-rybzc0j-shard-00-01.ms7amfn.mongodb.net","service":"api","timestamp":"2025-01-16 09:51:58"}
{"level":"info","message":"Server running in development mode on port 5000","service":"api","timestamp":"2025-01-16 09:51:58"}
{"level":"info","message":"MongoDB Connected: ac-rybzc0j-shard-00-00.ms7amfn.mongodb.net","service":"api","timestamp":"2025-01-16 10:14:14"}
{"level":"info","message":"Server running in development mode on port 5000","service":"api","timestamp":"2025-01-16 10:14:14"}
{"level":"info","message":"MongoDB Connected: ac-rybzc0j-shard-00-00.ms7amfn.mongodb.net","service":"api","timestamp":"2025-01-16 10:22:36"}
{"level":"info","message":"Server running in development mode on port 5000","service":"api","timestamp":"2025-01-16 10:22:36"}
{"level":"info","message":"MongoDB Connected: ac-rybzc0j-shard-00-02.ms7amfn.mongodb.net","service":"api","timestamp":"2025-01-16 10:22:59"}
{"level":"info","message":"Server running in development mode on port 5000","service":"api","timestamp":"2025-01-16 10:22:59"}
{"level":"info","message":"MongoDB Connected: ac-rybzc0j-shard-00-00.ms7amfn.mongodb.net","service":"api","timestamp":"2025-01-16 10:24:59"}
{"level":"info","message":"Server running in development mode on port 5000","service":"api","timestamp":"2025-01-16 10:24:59"}
{"level":"info","message":"MongoDB Connected: ac-rybzc0j-shard-00-02.ms7amfn.mongodb.net","service":"api","timestamp":"2025-01-16 10:25:05"}
{"level":"info","message":"Server running in development mode on port 5000","service":"api","timestamp":"2025-01-16 10:25:05"}
{"level":"info","message":"MongoDB Connected: ac-rybzc0j-shard-00-00.ms7amfn.mongodb.net","service":"api","timestamp":"2025-01-16 10:25:39"}
{"level":"info","message":"Server running in development mode on port 5000","service":"api","timestamp":"2025-01-16 10:25:39"}
{"level":"info","message":"MongoDB Connected: ac-rybzc0j-shard-00-00.ms7amfn.mongodb.net","service":"api","timestamp":"2025-01-16 10:25:56"}
{"level":"info","message":"Server running in development mode on port 5000","service":"api","timestamp":"2025-01-16 10:25:56"}
{"level":"info","message":"MongoDB Connected: ac-rybzc0j-shard-00-01.ms7amfn.mongodb.net","service":"api","timestamp":"2025-01-16 10:26:21"}
{"level":"info","message":"Server running in development mode on port 5000","service":"api","timestamp":"2025-01-16 10:26:21"}
{"level":"info","message":"MongoDB Connected: ac-rybzc0j-shard-00-02.ms7amfn.mongodb.net","service":"api","timestamp":"2025-01-16 10:26:29"}
{"level":"info","message":"Server running in development mode on port 5000","service":"api","timestamp":"2025-01-16 10:26:29"}
{"level":"info","message":"MongoDB Connected: ac-rybzc0j-shard-00-02.ms7amfn.mongodb.net","service":"api","timestamp":"2025-01-16 10:26:37"}
{"level":"info","message":"Server running in development mode on port 5000","service":"api","timestamp":"2025-01-16 10:26:37"}
{"level":"info","message":"MongoDB Connected: ac-rybzc0j-shard-00-00.ms7amfn.mongodb.net","service":"api","timestamp":"2025-01-16 10:27:08"}
{"level":"info","message":"Server running in development mode on port 5000","service":"api","timestamp":"2025-01-16 10:27:08"}
{"level":"info","message":"MongoDB Connected: ac-rybzc0j-shard-00-02.ms7amfn.mongodb.net","service":"api","timestamp":"2025-01-16 10:27:28"}
{"level":"info","message":"Server running in development mode on port 5000","service":"api","timestamp":"2025-01-16 10:27:28"}
{"level":"info","message":"MongoDB Connected: ac-rybzc0j-shard-00-00.ms7amfn.mongodb.net","service":"api","timestamp":"2025-01-16 10:27:36"}
{"level":"info","message":"Server running in development mode on port 5000","service":"api","timestamp":"2025-01-16 10:27:36"}
{"level":"info","message":"MongoDB Connected: ac-rybzc0j-shard-00-01.ms7amfn.mongodb.net","service":"api","timestamp":"2025-01-16 10:27:54"}
{"level":"info","message":"Server running in development mode on port 5000","service":"api","timestamp":"2025-01-16 10:27:54"}
{"level":"info","message":"MongoDB Connected: ac-rybzc0j-shard-00-02.ms7amfn.mongodb.net","service":"api","timestamp":"2025-01-16 10:28:03"}
{"level":"info","message":"Server running in development mode on port 5000","service":"api","timestamp":"2025-01-16 10:28:03"}
{"isOperational":true,"level":"error","message":"Error 💥 Invalid Password","service":"api","stack":"Error: Invalid Password\n    at Object.login (file:///A:/WEB%20Course/Crypto%20Curreny%20Project/Backend/services/auth.service.js:38:19)\n    at async file:///A:/WEB%20Course/Crypto%20Curreny%20Project/Backend/controllers/auth.controller.js:13:29","status":"fail","statusCode":401,"timestamp":"2025-01-16 10:28:06"}
{"isOperational":true,"level":"error","message":"Error 💥 Invalid Password","service":"api","stack":"Error: Invalid Password\n    at Object.login (file:///A:/WEB%20Course/Crypto%20Curreny%20Project/Backend/services/auth.service.js:38:19)\n    at async file:///A:/WEB%20Course/Crypto%20Curreny%20Project/Backend/controllers/auth.controller.js:13:29","status":"fail","statusCode":401,"timestamp":"2025-01-16 10:28:20"}
{"isOperational":true,"level":"error","message":"Error 💥 Invalid Password","service":"api","stack":"Error: Invalid Password\n    at Object.login (file:///A:/WEB%20Course/Crypto%20Curreny%20Project/Backend/services/auth.service.js:38:19)\n    at async file:///A:/WEB%20Course/Crypto%20Curreny%20Project/Backend/controllers/auth.controller.js:13:29","status":"fail","statusCode":401,"timestamp":"2025-01-16 10:28:23"}
{"level":"error","message":"Error 💥 Wrong recipient, payload audience != requiredAudience","service":"api","stack":"Error: Wrong recipient, payload audience != requiredAudience\n    at OAuth2Client.verifySignedJwtWithCertsAsync (A:\\WEB Course\\Crypto Curreny Project\\Backend\\node_modules\\google-auth-library\\build\\src\\auth\\oauth2client.js:750:23)\n    at process.processTicksAndRejections (node:internal/process/task_queues:95:5)\n    at async OAuth2Client.verifyIdTokenAsync (A:\\WEB Course\\Crypto Curreny Project\\Backend\\node_modules\\google-auth-library\\build\\src\\auth\\oauth2client.js:508:23)\n    at async Object.googleLogin (file:///A:/WEB%20Course/Crypto%20Curreny%20Project/Backend/services/auth.service.js:54:24)\n    at async file:///A:/WEB%20Course/Crypto%20Curreny%20Project/Backend/controllers/auth.controller.js:21:29","status":"error","statusCode":500,"timestamp":"2025-01-16 10:42:18"}
{"level":"info","message":"MongoDB Connected: ac-rybzc0j-shard-00-02.ms7amfn.mongodb.net","service":"api","timestamp":"2025-01-16 10:53:04"}
{"level":"info","message":"Server running in development mode on port 5000","service":"api","timestamp":"2025-01-16 10:53:04"}
{"level":"info","message":"MongoDB Connected: ac-rybzc0j-shard-00-00.ms7amfn.mongodb.net","service":"api","timestamp":"2025-01-16 10:53:15"}
{"level":"info","message":"Server running in development mode on port 5000","service":"api","timestamp":"2025-01-16 10:53:15"}
{"level":"error","message":"Error 💥 Wrong recipient, payload audience != requiredAudience","service":"api","stack":"Error: Wrong recipient, payload audience != requiredAudience\n    at OAuth2Client.verifySignedJwtWithCertsAsync (A:\\WEB Course\\Crypto Curreny Project\\Backend\\node_modules\\google-auth-library\\build\\src\\auth\\oauth2client.js:750:23)\n    at process.processTicksAndRejections (node:internal/process/task_queues:95:5)\n    at async OAuth2Client.verifyIdTokenAsync (A:\\WEB Course\\Crypto Curreny Project\\Backend\\node_modules\\google-auth-library\\build\\src\\auth\\oauth2client.js:508:23)\n    at async Object.googleLogin (file:///A:/WEB%20Course/Crypto%20Curreny%20Project/Backend/services/auth.service.js:88:28)\n    at async file:///A:/WEB%20Course/Crypto%20Curreny%20Project/Backend/controllers/auth.controller.js:21:29","status":"error","statusCode":500,"timestamp":"2025-01-16 10:54:07"}
{"level":"error","message":"Error 💥 Wrong recipient, payload audience != requiredAudience","service":"api","stack":"Error: Wrong recipient, payload audience != requiredAudience\n    at OAuth2Client.verifySignedJwtWithCertsAsync (A:\\WEB Course\\Crypto Curreny Project\\Backend\\node_modules\\google-auth-library\\build\\src\\auth\\oauth2client.js:750:23)\n    at process.processTicksAndRejections (node:internal/process/task_queues:95:5)\n    at async OAuth2Client.verifyIdTokenAsync (A:\\WEB Course\\Crypto Curreny Project\\Backend\\node_modules\\google-auth-library\\build\\src\\auth\\oauth2client.js:508:23)\n    at async Object.googleLogin (file:///A:/WEB%20Course/Crypto%20Curreny%20Project/Backend/services/auth.service.js:88:28)\n    at async file:///A:/WEB%20Course/Crypto%20Curreny%20Project/Backend/controllers/auth.controller.js:21:29","status":"error","statusCode":500,"timestamp":"2025-01-16 10:57:00"}
{"level":"error","message":"Error 💥 Wrong recipient, payload audience != requiredAudience","service":"api","stack":"Error: Wrong recipient, payload audience != requiredAudience\n    at OAuth2Client.verifySignedJwtWithCertsAsync (A:\\WEB Course\\Crypto Curreny Project\\Backend\\node_modules\\google-auth-library\\build\\src\\auth\\oauth2client.js:750:23)\n    at process.processTicksAndRejections (node:internal/process/task_queues:95:5)\n    at async OAuth2Client.verifyIdTokenAsync (A:\\WEB Course\\Crypto Curreny Project\\Backend\\node_modules\\google-auth-library\\build\\src\\auth\\oauth2client.js:508:23)\n    at async Object.googleLogin (file:///A:/WEB%20Course/Crypto%20Curreny%20Project/Backend/services/auth.service.js:88:28)\n    at async file:///A:/WEB%20Course/Crypto%20Curreny%20Project/Backend/controllers/auth.controller.js:21:29","status":"error","statusCode":500,"timestamp":"2025-01-16 10:58:15"}
{"level":"info","message":"MongoDB Connected: ac-rybzc0j-shard-00-02.ms7amfn.mongodb.net","service":"api","timestamp":"2025-01-16 11:32:51"}
{"level":"info","message":"Server running in development mode on port 5000","service":"api","timestamp":"2025-01-16 11:32:51"}
{"level":"info","message":"MongoDB Connected: ac-rybzc0j-shard-00-01.ms7amfn.mongodb.net","service":"api","timestamp":"2025-01-16 11:33:08"}
{"level":"info","message":"Server running in development mode on port 5000","service":"api","timestamp":"2025-01-16 11:33:08"}
{"level":"info","message":"MongoDB Connected: ac-rybzc0j-shard-00-01.ms7amfn.mongodb.net","service":"api","timestamp":"2025-01-16 11:33:41"}
{"level":"info","message":"Server running in development mode on port 5000","service":"api","timestamp":"2025-01-16 11:33:41"}
{"isOperational":true,"level":"error","message":"Error 💥 Invalid Google token or authentication failed","service":"api","stack":"Error: Invalid Google token or authentication failed\n    at Object.googleLogin (file:///A:/WEB%20Course/Crypto%20Curreny%20Project/Backend/services/auth.service.js:99:19)\n    at process.processTicksAndRejections (node:internal/process/task_queues:95:5)\n    at async file:///A:/WEB%20Course/Crypto%20Curreny%20Project/Backend/controllers/auth.controller.js:27:39","status":"fail","statusCode":401,"timestamp":"2025-01-16 11:33:54"}
{"level":"info","message":"MongoDB Connected: ac-rybzc0j-shard-00-01.ms7amfn.mongodb.net","service":"api","timestamp":"2025-01-16 11:34:36"}
{"level":"info","message":"Server running in development mode on port 5000","service":"api","timestamp":"2025-01-16 11:34:36"}
{"isOperational":true,"level":"error","message":"Error 💥 Invalid Google token or authentication failed","service":"api","stack":"Error: Invalid Google token or authentication failed\n    at Object.googleLogin (file:///A:/WEB%20Course/Crypto%20Curreny%20Project/Backend/services/auth.service.js:101:19)\n    at process.processTicksAndRejections (node:internal/process/task_queues:95:5)\n    at async file:///A:/WEB%20Course/Crypto%20Curreny%20Project/Backend/controllers/auth.controller.js:27:39","status":"fail","statusCode":401,"timestamp":"2025-01-16 11:34:40"}
{"level":"info","message":"MongoDB Connected: ac-rybzc0j-shard-00-00.ms7amfn.mongodb.net","service":"api","timestamp":"2025-01-16 12:40:26"}
{"level":"info","message":"Server running in development mode on port 5000","service":"api","timestamp":"2025-01-16 12:40:26"}
{"isOperational":true,"level":"error","message":"Error 💥 Invalid Google token or authentication failed","service":"api","stack":"Error: Invalid Google token or authentication failed\n    at Object.googleLogin (file:///A:/WEB%20Course/Crypto%20Curreny%20Project/Backend/services/auth.service.js:101:19)\n    at process.processTicksAndRejections (node:internal/process/task_queues:95:5)\n    at async file:///A:/WEB%20Course/Crypto%20Curreny%20Project/Backend/controllers/auth.controller.js:27:39","status":"fail","statusCode":401,"timestamp":"2025-01-16 12:49:07"}
{"isOperational":true,"level":"error","message":"Error 💥 Invalid Google token or authentication failed","service":"api","stack":"Error: Invalid Google token or authentication failed\n    at Object.googleLogin (file:///A:/WEB%20Course/Crypto%20Curreny%20Project/Backend/services/auth.service.js:101:19)\n    at process.processTicksAndRejections (node:internal/process/task_queues:95:5)\n    at async file:///A:/WEB%20Course/Crypto%20Curreny%20Project/Backend/controllers/auth.controller.js:27:39","status":"fail","statusCode":401,"timestamp":"2025-01-16 12:49:11"}
{"isOperational":true,"level":"error","message":"Error 💥 Invalid Google token or authentication failed","service":"api","stack":"Error: Invalid Google token or authentication failed\n    at Object.googleLogin (file:///A:/WEB%20Course/Crypto%20Curreny%20Project/Backend/services/auth.service.js:101:19)\n    at process.processTicksAndRejections (node:internal/process/task_queues:95:5)\n    at async file:///A:/WEB%20Course/Crypto%20Curreny%20Project/Backend/controllers/auth.controller.js:27:39","status":"fail","statusCode":401,"timestamp":"2025-01-16 12:49:12"}
{"level":"info","message":"MongoDB Connected: ac-rybzc0j-shard-00-00.ms7amfn.mongodb.net","service":"api","timestamp":"2025-01-16 12:52:53"}
{"level":"info","message":"Server running in development mode on port 5000","service":"api","timestamp":"2025-01-16 12:52:53"}
{"level":"info","message":"MongoDB Connected: ac-rybzc0j-shard-00-02.ms7amfn.mongodb.net","service":"api","timestamp":"2025-01-16 13:23:31"}
{"level":"info","message":"Server running in development mode on port 5000","service":"api","timestamp":"2025-01-16 13:23:31"}
{"level":"info","message":"MongoDB Connected: ac-rybzc0j-shard-00-01.ms7amfn.mongodb.net","service":"api","timestamp":"2025-01-16 13:27:31"}
{"level":"info","message":"Server running in development mode on port 5000","service":"api","timestamp":"2025-01-16 13:27:31"}
{"level":"info","message":"MongoDB Connected: ac-rybzc0j-shard-00-00.ms7amfn.mongodb.net","service":"api","timestamp":"2025-01-16 13:27:42"}
{"level":"info","message":"Server running in development mode on port 5000","service":"api","timestamp":"2025-01-16 13:27:42"}
{"level":"info","message":"MongoDB Connected: ac-rybzc0j-shard-00-02.ms7amfn.mongodb.net","service":"api","timestamp":"2025-01-16 13:28:10"}
{"level":"info","message":"Server running in development mode on port 5000","service":"api","timestamp":"2025-01-16 13:28:10"}
{"level":"info","message":"MongoDB Connected: ac-rybzc0j-shard-00-00.ms7amfn.mongodb.net","service":"api","timestamp":"2025-01-16 13:29:00"}
{"level":"info","message":"Server running in development mode on port 5000","service":"api","timestamp":"2025-01-16 13:29:00"}
{"level":"info","message":"MongoDB Connected: ac-rybzc0j-shard-00-01.ms7amfn.mongodb.net","service":"api","timestamp":"2025-01-16 13:29:26"}
{"level":"info","message":"Server running in development mode on port 5000","service":"api","timestamp":"2025-01-16 13:29:26"}
{"level":"info","message":"MongoDB Connected: ac-rybzc0j-shard-00-00.ms7amfn.mongodb.net","service":"api","timestamp":"2025-01-16 13:29:52"}
{"level":"info","message":"Server running in development mode on port 5000","service":"api","timestamp":"2025-01-16 13:29:52"}
{"level":"info","message":"MongoDB Connected: ac-rybzc0j-shard-00-01.ms7amfn.mongodb.net","service":"api","timestamp":"2025-01-16 13:30:18"}
{"level":"info","message":"Server running in development mode on port 5000","service":"api","timestamp":"2025-01-16 13:30:18"}
{"level":"info","message":"MongoDB Connected: ac-rybzc0j-shard-00-00.ms7amfn.mongodb.net","service":"api","timestamp":"2025-01-16 13:31:15"}
{"level":"info","message":"Server running in development mode on port 5000","service":"api","timestamp":"2025-01-16 13:31:15"}
{"isOperational":true,"level":"error","message":"Error 💥 Invalid Google token or authentication failed","service":"api","stack":"Error: Invalid Google token or authentication failed\n    at Object.googleLogin (file:///A:/WEB%20Course/Crypto%20Curreny%20Project/Backend/services/auth.service.js:102:19)\n    at process.processTicksAndRejections (node:internal/process/task_queues:95:5)\n    at async file:///A:/WEB%20Course/Crypto%20Curreny%20Project/Backend/controllers/auth.controller.js:27:39","status":"fail","statusCode":401,"timestamp":"2025-01-16 13:56:57"}
{"isOperational":true,"level":"error","message":"Error 💥 Invalid Google token or authentication failed","service":"api","stack":"Error: Invalid Google token or authentication failed\n    at Object.googleLogin (file:///A:/WEB%20Course/Crypto%20Curreny%20Project/Backend/services/auth.service.js:102:19)\n    at process.processTicksAndRejections (node:internal/process/task_queues:95:5)\n    at async file:///A:/WEB%20Course/Crypto%20Curreny%20Project/Backend/controllers/auth.controller.js:27:39","status":"fail","statusCode":401,"timestamp":"2025-01-16 13:57:29"}
{"level":"info","message":"MongoDB Connected: ac-rybzc0j-shard-00-02.ms7amfn.mongodb.net","service":"api","timestamp":"2025-01-16 13:59:01"}
{"level":"info","message":"Server running in development mode on port 5000","service":"api","timestamp":"2025-01-16 13:59:01"}
{"level":"info","message":"MongoDB Connected: ac-rybzc0j-shard-00-01.ms7amfn.mongodb.net","service":"api","timestamp":"2025-01-16 13:59:44"}
{"level":"info","message":"Server running in development mode on port 5000","service":"api","timestamp":"2025-01-16 13:59:44"}
{"level":"info","message":"MongoDB Connected: ac-rybzc0j-shard-00-01.ms7amfn.mongodb.net","service":"api","timestamp":"2025-01-16 13:59:56"}
{"level":"info","message":"Server running in development mode on port 5000","service":"api","timestamp":"2025-01-16 13:59:56"}
{"level":"error","message":"Error 💥 authService.googleLogin is not a function","service":"api","stack":"TypeError: authService.googleLogin is not a function\n    at file:///A:/WEB%20Course/Crypto%20Curreny%20Project/Backend/controllers/auth.controller.js:27:57\n    at file:///A:/WEB%20Course/Crypto%20Curreny%20Project/Backend/utils/catchAsync.js:2:21\n    at Layer.handle [as handle_request] (A:\\WEB Course\\Crypto Curreny Project\\Backend\\node_modules\\express\\lib\\router\\layer.js:95:5)\n    at next (A:\\WEB Course\\Crypto Curreny Project\\Backend\\node_modules\\express\\lib\\router\\route.js:149:13)\n    at Route.dispatch (A:\\WEB Course\\Crypto Curreny Project\\Backend\\node_modules\\express\\lib\\router\\route.js:119:3)\n    at Layer.handle [as handle_request] (A:\\WEB Course\\Crypto Curreny Project\\Backend\\node_modules\\express\\lib\\router\\layer.js:95:5)\n    at A:\\WEB Course\\Crypto Curreny Project\\Backend\\node_modules\\express\\lib\\router\\index.js:284:15\n    at Function.process_params (A:\\WEB Course\\Crypto Curreny Project\\Backend\\node_modules\\express\\lib\\router\\index.js:346:12)\n    at next (A:\\WEB Course\\Crypto Curreny Project\\Backend\\node_modules\\express\\lib\\router\\index.js:280:10)\n    at Function.handle (A:\\WEB Course\\Crypto Curreny Project\\Backend\\node_modules\\express\\lib\\router\\index.js:175:3)","status":"error","statusCode":500,"timestamp":"2025-01-16 13:59:56"}
{"level":"info","message":"MongoDB Connected: ac-rybzc0j-shard-00-02.ms7amfn.mongodb.net","service":"api","timestamp":"2025-01-16 14:00:19"}
{"level":"info","message":"Server running in development mode on port 5000","service":"api","timestamp":"2025-01-16 14:00:19"}
{"isOperational":true,"level":"error","message":"Error 💥 Invalid Google token or authentication failed","service":"api","stack":"Error: Invalid Google token or authentication failed\n    at Object.googleLogin (file:///A:/WEB%20Course/Crypto%20Curreny%20Project/Backend/services/auth.service.js:103:19)\n    at process.processTicksAndRejections (node:internal/process/task_queues:95:5)\n    at async file:///A:/WEB%20Course/Crypto%20Curreny%20Project/Backend/controllers/auth.controller.js:27:39","status":"fail","statusCode":401,"timestamp":"2025-01-16 14:00:21"}
{"level":"info","message":"MongoDB Connected: ac-rybzc0j-shard-00-01.ms7amfn.mongodb.net","service":"api","timestamp":"2025-01-16 14:01:08"}
{"level":"info","message":"Server running in development mode on port 5000","service":"api","timestamp":"2025-01-16 14:01:08"}
{"isOperational":true,"level":"error","message":"Error 💥 Invalid Google token or authentication failed","service":"api","stack":"Error: Invalid Google token or authentication failed\n    at Object.googleLogin (file:///A:/WEB%20Course/Crypto%20Curreny%20Project/Backend/services/auth.service.js:101:19)\n    at process.processTicksAndRejections (node:internal/process/task_queues:95:5)\n    at async file:///A:/WEB%20Course/Crypto%20Curreny%20Project/Backend/controllers/auth.controller.js:27:39","status":"fail","statusCode":401,"timestamp":"2025-01-16 14:01:09"}
{"level":"info","message":"MongoDB Connected: ac-rybzc0j-shard-00-00.ms7amfn.mongodb.net","service":"api","timestamp":"2025-01-16 14:01:54"}
{"level":"info","message":"Server running in development mode on port 5000","service":"api","timestamp":"2025-01-16 14:01:54"}
{"isOperational":true,"level":"error","message":"Error 💥 Invalid Google token or authentication failed","service":"api","stack":"Error: Invalid Google token or authentication failed\n    at Object.googleLogin (file:///A:/WEB%20Course/Crypto%20Curreny%20Project/Backend/services/auth.service.js:102:19)\n    at process.processTicksAndRejections (node:internal/process/task_queues:95:5)\n    at async file:///A:/WEB%20Course/Crypto%20Curreny%20Project/Backend/controllers/auth.controller.js:27:39","status":"fail","statusCode":401,"timestamp":"2025-01-16 14:01:55"}
{"level":"info","message":"MongoDB Connected: ac-rybzc0j-shard-00-00.ms7amfn.mongodb.net","service":"api","timestamp":"2025-01-16 14:02:39"}
{"level":"info","message":"Server running in development mode on port 5000","service":"api","timestamp":"2025-01-16 14:02:39"}
{"level":"info","message":"MongoDB Connected: ac-rybzc0j-shard-00-01.ms7amfn.mongodb.net","service":"api","timestamp":"2025-01-16 14:02:54"}
{"level":"info","message":"Server running in development mode on port 5000","service":"api","timestamp":"2025-01-16 14:02:54"}
{"isOperational":true,"level":"error","message":"Error 💥 Invalid Google token or authentication failed","service":"api","stack":"Error: Invalid Google token or authentication failed\n    at Object.googleLogin (file:///A:/WEB%20Course/Crypto%20Curreny%20Project/Backend/services/auth.service.js:102:19)\n    at process.processTicksAndRejections (node:internal/process/task_queues:95:5)\n    at async file:///A:/WEB%20Course/Crypto%20Curreny%20Project/Backend/controllers/auth.controller.js:27:39","status":"fail","statusCode":401,"timestamp":"2025-01-16 14:02:55"}
{"isOperational":true,"level":"error","message":"Error 💥 Invalid Google token or authentication failed","service":"api","stack":"Error: Invalid Google token or authentication failed\n    at Object.googleLogin (file:///A:/WEB%20Course/Crypto%20Curreny%20Project/Backend/services/auth.service.js:102:19)\n    at process.processTicksAndRejections (node:internal/process/task_queues:95:5)\n    at async file:///A:/WEB%20Course/Crypto%20Curreny%20Project/Backend/controllers/auth.controller.js:27:39","status":"fail","statusCode":401,"timestamp":"2025-01-16 14:03:15"}
{"isOperational":true,"level":"error","message":"Error 💥 Invalid Google token or authentication failed","service":"api","stack":"Error: Invalid Google token or authentication failed\n    at Object.googleLogin (file:///A:/WEB%20Course/Crypto%20Curreny%20Project/Backend/services/auth.service.js:102:19)\n    at process.processTicksAndRejections (node:internal/process/task_queues:95:5)\n    at async file:///A:/WEB%20Course/Crypto%20Curreny%20Project/Backend/controllers/auth.controller.js:27:39","status":"fail","statusCode":401,"timestamp":"2025-01-16 14:03:16"}
{"level":"info","message":"MongoDB Connected: ac-rybzc0j-shard-00-02.ms7amfn.mongodb.net","service":"api","timestamp":"2025-01-16 14:03:31"}
{"level":"info","message":"Server running in development mode on port 5000","service":"api","timestamp":"2025-01-16 14:03:31"}
{"isOperational":true,"level":"error","message":"Error 💥 Invalid Google token or authentication failed","service":"api","stack":"Error: Invalid Google token or authentication failed\n    at Object.googleLogin (file:///A:/WEB%20Course/Crypto%20Curreny%20Project/Backend/services/auth.service.js:102:19)\n    at process.processTicksAndRejections (node:internal/process/task_queues:95:5)\n    at async file:///A:/WEB%20Course/Crypto%20Curreny%20Project/Backend/controllers/auth.controller.js:27:39","status":"fail","statusCode":401,"timestamp":"2025-01-16 14:03:32"}
{"level":"info","message":"MongoDB Connected: ac-rybzc0j-shard-00-01.ms7amfn.mongodb.net","service":"api","timestamp":"2025-01-16 14:03:49"}
{"level":"info","message":"Server running in development mode on port 5000","service":"api","timestamp":"2025-01-16 14:03:49"}
{"isOperational":true,"level":"error","message":"Error 💥 Invalid Google token or authentication failed","service":"api","stack":"Error: Invalid Google token or authentication failed\n    at Object.googleLogin (file:///A:/WEB%20Course/Crypto%20Curreny%20Project/Backend/services/auth.service.js:102:19)\n    at process.processTicksAndRejections (node:internal/process/task_queues:95:5)\n    at async file:///A:/WEB%20Course/Crypto%20Curreny%20Project/Backend/controllers/auth.controller.js:27:39","status":"fail","statusCode":401,"timestamp":"2025-01-16 14:03:50"}
{"level":"info","message":"MongoDB Connected: ac-rybzc0j-shard-00-02.ms7amfn.mongodb.net","service":"api","timestamp":"2025-01-16 14:04:15"}
{"level":"info","message":"Server running in development mode on port 5000","service":"api","timestamp":"2025-01-16 14:04:15"}
{"level":"info","message":"MongoDB Connected: ac-rybzc0j-shard-00-02.ms7amfn.mongodb.net","service":"api","timestamp":"2025-01-16 14:04:23"}
{"level":"info","message":"Server running in development mode on port 5000","service":"api","timestamp":"2025-01-16 14:04:23"}
{"isOperational":true,"level":"error","message":"Error 💥 Invalid Google token or authentication failed","service":"api","stack":"Error: Invalid Google token or authentication failed\n    at Object.googleLogin (file:///A:/WEB%20Course/Crypto%20Curreny%20Project/Backend/services/auth.service.js:101:19)\n    at process.processTicksAndRejections (node:internal/process/task_queues:95:5)\n    at async file:///A:/WEB%20Course/Crypto%20Curreny%20Project/Backend/controllers/auth.controller.js:27:39","status":"fail","statusCode":401,"timestamp":"2025-01-16 14:05:03"}
{"isOperational":true,"level":"error","message":"Error 💥 Invalid Google token or authentication failed","service":"api","stack":"Error: Invalid Google token or authentication failed\n    at Object.googleLogin (file:///A:/WEB%20Course/Crypto%20Curreny%20Project/Backend/services/auth.service.js:101:19)\n    at process.processTicksAndRejections (node:internal/process/task_queues:95:5)\n    at async file:///A:/WEB%20Course/Crypto%20Curreny%20Project/Backend/controllers/auth.controller.js:27:39","status":"fail","statusCode":401,"timestamp":"2025-01-16 14:05:04"}
{"level":"info","message":"MongoDB Connected: ac-rybzc0j-shard-00-02.ms7amfn.mongodb.net","service":"api","timestamp":"2025-01-16 14:05:55"}
{"level":"info","message":"Server running in development mode on port 5000","service":"api","timestamp":"2025-01-16 14:05:55"}
{"isOperational":true,"level":"error","message":"Error 💥 Invalid Google token or authentication failed","service":"api","stack":"Error: Invalid Google token or authentication failed\n    at Object.googleLogin (file:///A:/WEB%20Course/Crypto%20Curreny%20Project/Backend/services/auth.service.js:101:19)\n    at process.processTicksAndRejections (node:internal/process/task_queues:95:5)\n    at async file:///A:/WEB%20Course/Crypto%20Curreny%20Project/Backend/controllers/auth.controller.js:27:39","status":"fail","statusCode":401,"timestamp":"2025-01-16 14:06:03"}
{"level":"info","message":"MongoDB Connected: ac-rybzc0j-shard-00-02.ms7amfn.mongodb.net","service":"api","timestamp":"2025-01-16 14:13:39"}
{"level":"info","message":"Server running in development mode on port 5000","service":"api","timestamp":"2025-01-16 14:13:39"}
{"level":"error","message":"Error 💥 Invalid Google token or authentication failed","service":"api","stack":"Error: Invalid Google token or authentication failed\n    at Object.googleLogin (file:///A:/WEB%20Course/Crypto%20Curreny%20Project/Backend/services/auth.service.js:121:19)\n    at process.processTicksAndRejections (node:internal/process/task_queues:95:5)\n    at async file:///A:/WEB%20Course/Crypto%20Curreny%20Project/Backend/controllers/auth.controller.js:27:39","status":"error","statusCode":500,"timestamp":"2025-01-16 14:14:09"}
{"level":"error","message":"Error 💥 Invalid Google token or authentication failed","service":"api","stack":"Error: Invalid Google token or authentication failed\n    at Object.googleLogin (file:///A:/WEB%20Course/Crypto%20Curreny%20Project/Backend/services/auth.service.js:121:19)\n    at process.processTicksAndRejections (node:internal/process/task_queues:95:5)\n    at async file:///A:/WEB%20Course/Crypto%20Curreny%20Project/Backend/controllers/auth.controller.js:27:39","status":"error","statusCode":500,"timestamp":"2025-01-16 14:17:48"}
{"level":"error","message":"Error 💥 Invalid Google token or authentication failed","service":"api","stack":"Error: Invalid Google token or authentication failed\n    at Object.googleLogin (file:///A:/WEB%20Course/Crypto%20Curreny%20Project/Backend/services/auth.service.js:121:19)\n    at process.processTicksAndRejections (node:internal/process/task_queues:95:5)\n    at async file:///A:/WEB%20Course/Crypto%20Curreny%20Project/Backend/controllers/auth.controller.js:27:39","status":"error","statusCode":500,"timestamp":"2025-01-16 15:46:54"}
{"level":"error","message":"Error 💥 Invalid Google token or authentication failed","service":"api","stack":"Error: Invalid Google token or authentication failed\n    at Object.googleLogin (file:///A:/WEB%20Course/Crypto%20Curreny%20Project/Backend/services/auth.service.js:121:19)\n    at process.processTicksAndRejections (node:internal/process/task_queues:95:5)\n    at async file:///A:/WEB%20Course/Crypto%20Curreny%20Project/Backend/controllers/auth.controller.js:27:39","status":"error","statusCode":500,"timestamp":"2025-01-16 15:47:16"}
{"level":"error","message":"Error 💥 Invalid Google token or authentication failed","service":"api","stack":"Error: Invalid Google token or authentication failed\n    at Object.googleLogin (file:///A:/WEB%20Course/Crypto%20Curreny%20Project/Backend/services/auth.service.js:121:19)\n    at process.processTicksAndRejections (node:internal/process/task_queues:95:5)\n    at async file:///A:/WEB%20Course/Crypto%20Curreny%20Project/Backend/controllers/auth.controller.js:27:39","status":"error","statusCode":500,"timestamp":"2025-01-16 16:01:13"}
{"level":"error","message":"Error 💥 Invalid Google token or authentication failed","service":"api","stack":"Error: Invalid Google token or authentication failed\n    at Object.googleLogin (file:///A:/WEB%20Course/Crypto%20Curreny%20Project/Backend/services/auth.service.js:121:19)\n    at process.processTicksAndRejections (node:internal/process/task_queues:95:5)\n    at async file:///A:/WEB%20Course/Crypto%20Curreny%20Project/Backend/controllers/auth.controller.js:27:39","status":"error","statusCode":500,"timestamp":"2025-01-16 16:01:43"}
{"level":"error","message":"Error 💥 Invalid Google token or authentication failed","service":"api","stack":"Error: Invalid Google token or authentication failed\n    at Object.googleLogin (file:///A:/WEB%20Course/Crypto%20Curreny%20Project/Backend/services/auth.service.js:121:19)\n    at process.processTicksAndRejections (node:internal/process/task_queues:95:5)\n    at async file:///A:/WEB%20Course/Crypto%20Curreny%20Project/Backend/controllers/auth.controller.js:27:39","status":"error","statusCode":500,"timestamp":"2025-01-16 16:01:55"}
{"level":"error","message":"Error 💥 Invalid Google token or authentication failed","service":"api","stack":"Error: Invalid Google token or authentication failed\n    at Object.googleLogin (file:///A:/WEB%20Course/Crypto%20Curreny%20Project/Backend/services/auth.service.js:121:19)\n    at process.processTicksAndRejections (node:internal/process/task_queues:95:5)\n    at async file:///A:/WEB%20Course/Crypto%20Curreny%20Project/Backend/controllers/auth.controller.js:27:39","status":"error","statusCode":500,"timestamp":"2025-01-16 16:02:03"}
{"level":"error","message":"Error 💥 Invalid Google token or authentication failed","service":"api","stack":"Error: Invalid Google token or authentication failed\n    at Object.googleLogin (file:///A:/WEB%20Course/Crypto%20Curreny%20Project/Backend/services/auth.service.js:121:19)\n    at process.processTicksAndRejections (node:internal/process/task_queues:95:5)\n    at async file:///A:/WEB%20Course/Crypto%20Curreny%20Project/Backend/controllers/auth.controller.js:27:39","status":"error","statusCode":500,"timestamp":"2025-01-16 16:02:10"}
{"level":"info","message":"MongoDB Connected: ac-rybzc0j-shard-00-02.ms7amfn.mongodb.net","service":"api","timestamp":"2025-01-16 16:04:16"}
{"level":"info","message":"Server running in development mode on port 5000","service":"api","timestamp":"2025-01-16 16:04:16"}
{"level":"error","message":"Error 💥 Invalid Google token or authentication failed","service":"api","stack":"Error: Invalid Google token or authentication failed\n    at Object.googleLogin (file:///A:/WEB%20Course/Crypto%20Curreny%20Project/Backend/services/auth.service.js:121:19)\n    at process.processTicksAndRejections (node:internal/process/task_queues:95:5)\n    at async file:///A:/WEB%20Course/Crypto%20Curreny%20Project/Backend/controllers/auth.controller.js:27:39","status":"error","statusCode":500,"timestamp":"2025-01-16 16:04:47"}
{"level":"info","message":"MongoDB Connected: ac-rybzc0j-shard-00-02.ms7amfn.mongodb.net","service":"api","timestamp":"2025-01-16 16:06:34"}
{"level":"info","message":"Server running in development mode on port 5000","service":"api","timestamp":"2025-01-16 16:06:34"}
{"level":"error","message":"Error 💥 Invalid Google token or authentication failed","service":"api","stack":"Error: Invalid Google token or authentication failed\n    at Object.googleLogin (file:///A:/WEB%20Course/Crypto%20Curreny%20Project/Backend/services/auth.service.js:121:19)\n    at process.processTicksAndRejections (node:internal/process/task_queues:95:5)\n    at async file:///A:/WEB%20Course/Crypto%20Curreny%20Project/Backend/controllers/auth.controller.js:27:39","status":"error","statusCode":500,"timestamp":"2025-01-16 16:08:35"}
{"level":"info","message":"MongoDB Connected: ac-rybzc0j-shard-00-02.ms7amfn.mongodb.net","service":"api","timestamp":"2025-01-16 16:13:07"}
{"level":"info","message":"Server running in development mode on port 5000","service":"api","timestamp":"2025-01-16 16:13:07"}
{"level":"error","message":"Error 💥 Invalid Google token or authentication failed","service":"api","stack":"Error: Invalid Google token or authentication failed\n    at Object.googleLogin (file:///A:/WEB%20Course/Crypto%20Curreny%20Project/Backend/services/auth.service.js:121:19)\n    at process.processTicksAndRejections (node:internal/process/task_queues:95:5)\n    at async file:///A:/WEB%20Course/Crypto%20Curreny%20Project/Backend/controllers/auth.controller.js:27:39","status":"error","statusCode":500,"timestamp":"2025-01-16 16:13:16"}
{"level":"info","message":"MongoDB Connected: ac-rybzc0j-shard-00-01.ms7amfn.mongodb.net","service":"api","timestamp":"2025-01-16 16:13:35"}
{"level":"info","message":"Server running in development mode on port 5000","service":"api","timestamp":"2025-01-16 16:13:35"}
{"level":"info","message":"MongoDB Connected: ac-rybzc0j-shard-00-02.ms7amfn.mongodb.net","service":"api","timestamp":"2025-01-16 16:15:28"}
{"level":"info","message":"Server running in development mode on port 5000","service":"api","timestamp":"2025-01-16 16:15:28"}
{"level":"info","message":"MongoDB Connected: ac-rybzc0j-shard-00-01.ms7amfn.mongodb.net","service":"api","timestamp":"2025-01-16 16:15:58"}
{"level":"info","message":"Server running in development mode on port 5000","service":"api","timestamp":"2025-01-16 16:15:58"}
{"level":"error","message":"Error 💥 Invalid Google token or authentication failed","service":"api","stack":"Error: Invalid Google token or authentication failed\n    at Object.googleLogin (file:///A:/WEB%20Course/Crypto%20Curreny%20Project/Backend/services/auth.service.js:121:19)\n    at process.processTicksAndRejections (node:internal/process/task_queues:95:5)\n    at async file:///A:/WEB%20Course/Crypto%20Curreny%20Project/Backend/controllers/auth.controller.js:27:39","status":"error","statusCode":500,"timestamp":"2025-01-16 16:16:01"}
{"level":"error","message":"Error 💥 Invalid Google token or authentication failed","service":"api","stack":"Error: Invalid Google token or authentication failed\n    at Object.googleLogin (file:///A:/WEB%20Course/Crypto%20Curreny%20Project/Backend/services/auth.service.js:121:19)\n    at process.processTicksAndRejections (node:internal/process/task_queues:95:5)\n    at async file:///A:/WEB%20Course/Crypto%20Curreny%20Project/Backend/controllers/auth.controller.js:27:39","status":"error","statusCode":500,"timestamp":"2025-01-16 16:21:51"}
{"level":"error","message":"Error 💥 Invalid Google token or authentication failed","service":"api","stack":"Error: Invalid Google token or authentication failed\n    at Object.googleLogin (file:///A:/WEB%20Course/Crypto%20Curreny%20Project/Backend/services/auth.service.js:121:19)\n    at process.processTicksAndRejections (node:internal/process/task_queues:95:5)\n    at async file:///A:/WEB%20Course/Crypto%20Curreny%20Project/Backend/controllers/auth.controller.js:27:39","status":"error","statusCode":500,"timestamp":"2025-01-16 16:23:45"}
{"level":"info","message":"MongoDB Connected: ac-rybzc0j-shard-00-01.ms7amfn.mongodb.net","service":"api","timestamp":"2025-01-16 16:24:40"}
{"level":"info","message":"Server running in development mode on port 5000","service":"api","timestamp":"2025-01-16 16:24:40"}
{"level":"error","message":"Error 💥 Invalid Google token or authentication failed","service":"api","stack":"Error: Invalid Google token or authentication failed\n    at Object.googleLogin (file:///A:/WEB%20Course/Crypto%20Curreny%20Project/Backend/services/auth.service.js:121:19)\n    at process.processTicksAndRejections (node:internal/process/task_queues:95:5)\n    at async file:///A:/WEB%20Course/Crypto%20Curreny%20Project/Backend/controllers/auth.controller.js:27:39","status":"error","statusCode":500,"timestamp":"2025-01-16 16:25:32"}
{"level":"info","message":"MongoDB Connected: ac-rybzc0j-shard-00-01.ms7amfn.mongodb.net","service":"api","timestamp":"2025-01-16 16:26:10"}
{"level":"info","message":"Server running in development mode on port 5000","service":"api","timestamp":"2025-01-16 16:26:10"}
{"level":"info","message":"MongoDB Connected: ac-rybzc0j-shard-00-01.ms7amfn.mongodb.net","service":"api","timestamp":"2025-01-16 16:26:24"}
{"level":"info","message":"Server running in development mode on port 5000","service":"api","timestamp":"2025-01-16 16:26:24"}
{"level":"error","message":"Error 💥 Invalid Google token or authentication failed","service":"api","stack":"Error: Invalid Google token or authentication failed\n    at Object.googleLogin (file:///A:/WEB%20Course/Crypto%20Curreny%20Project/Backend/services/auth.service.js:121:19)\n    at process.processTicksAndRejections (node:internal/process/task_queues:95:5)\n    at async file:///A:/WEB%20Course/Crypto%20Curreny%20Project/Backend/controllers/auth.controller.js:27:39","status":"error","statusCode":500,"timestamp":"2025-01-16 16:26:28"}
{"level":"error","message":"Error 💥 Invalid Google token or authentication failed","service":"api","stack":"Error: Invalid Google token or authentication failed\n    at Object.googleLogin (file:///A:/WEB%20Course/Crypto%20Curreny%20Project/Backend/services/auth.service.js:121:19)\n    at process.processTicksAndRejections (node:internal/process/task_queues:95:5)\n    at async file:///A:/WEB%20Course/Crypto%20Curreny%20Project/Backend/controllers/auth.controller.js:27:39","status":"error","statusCode":500,"timestamp":"2025-01-16 16:28:39"}
{"level":"error","message":"Error 💥 Invalid Google token or authentication failed","service":"api","stack":"Error: Invalid Google token or authentication failed\n    at Object.googleLogin (file:///A:/WEB%20Course/Crypto%20Curreny%20Project/Backend/services/auth.service.js:121:19)\n    at process.processTicksAndRejections (node:internal/process/task_queues:95:5)\n    at async file:///A:/WEB%20Course/Crypto%20Curreny%20Project/Backend/controllers/auth.controller.js:27:39","status":"error","statusCode":500,"timestamp":"2025-01-16 16:31:29"}
{"level":"info","message":"MongoDB Connected: ac-rybzc0j-shard-00-01.ms7amfn.mongodb.net","service":"api","timestamp":"2025-01-16 16:35:57"}
{"level":"info","message":"Server running in development mode on port 5000","service":"api","timestamp":"2025-01-16 16:35:57"}
{"level":"error","message":"Error 💥 Invalid Google token or authentication failed","service":"api","stack":"Error: Invalid Google token or authentication failed\n    at Object.googleLogin (file:///A:/WEB%20Course/Crypto%20Curreny%20Project/Backend/services/auth.service.js:121:19)\n    at process.processTicksAndRejections (node:internal/process/task_queues:95:5)\n    at async file:///A:/WEB%20Course/Crypto%20Curreny%20Project/Backend/controllers/auth.controller.js:27:39","status":"error","statusCode":500,"timestamp":"2025-01-16 16:45:44"}
{"level":"error","message":"Error 💥 Invalid Google token or authentication failed","service":"api","stack":"Error: Invalid Google token or authentication failed\n    at Object.googleLogin (file:///A:/WEB%20Course/Crypto%20Curreny%20Project/Backend/services/auth.service.js:121:19)\n    at process.processTicksAndRejections (node:internal/process/task_queues:95:5)\n    at async file:///A:/WEB%20Course/Crypto%20Curreny%20Project/Backend/controllers/auth.controller.js:27:39","status":"error","statusCode":500,"timestamp":"2025-01-16 16:47:38"}
{"level":"info","message":"MongoDB Connected: ac-rybzc0j-shard-00-02.ms7amfn.mongodb.net","service":"api","timestamp":"2025-01-16 16:49:10"}
{"level":"info","message":"Server running in development mode on port 5000","service":"api","timestamp":"2025-01-16 16:49:10"}
{"level":"error","message":"Error 💥 Invalid Google token or authentication failed","service":"api","stack":"Error: Invalid Google token or authentication failed\n    at Object.googleLogin (file:///A:/WEB%20Course/Crypto%20Curreny%20Project/Backend/services/auth.service.js:121:19)\n    at process.processTicksAndRejections (node:internal/process/task_queues:95:5)\n    at async file:///A:/WEB%20Course/Crypto%20Curreny%20Project/Backend/controllers/auth.controller.js:27:39","status":"error","statusCode":500,"timestamp":"2025-01-16 16:49:12"}
{"level":"info","message":"MongoDB Connected: ac-rybzc0j-shard-00-02.ms7amfn.mongodb.net","service":"api","timestamp":"2025-01-16 16:49:33"}
{"level":"info","message":"Server running in development mode on port 5000","service":"api","timestamp":"2025-01-16 16:49:33"}
{"level":"info","message":"MongoDB Connected: ac-rybzc0j-shard-00-01.ms7amfn.mongodb.net","service":"api","timestamp":"2025-01-16 16:49:43"}
{"level":"info","message":"Server running in development mode on port 5000","service":"api","timestamp":"2025-01-16 16:49:43"}
{"level":"error","message":"Error 💥 Cannot destructure property 'token' of 'req.body' as it is undefined.","service":"api","stack":"TypeError: Cannot destructure property 'token' of 'req.body' as it is undefined.\n    at file:///A:/WEB%20Course/Crypto%20Curreny%20Project/Backend/controllers/auth.controller.js:21:13\n    at file:///A:/WEB%20Course/Crypto%20Curreny%20Project/Backend/utils/catchAsync.js:2:21\n    at Layer.handle [as handle_request] (A:\\WEB Course\\Crypto Curreny Project\\Backend\\node_modules\\express\\lib\\router\\layer.js:95:5)\n    at next (A:\\WEB Course\\Crypto Curreny Project\\Backend\\node_modules\\express\\lib\\router\\route.js:149:13)\n    at Route.dispatch (A:\\WEB Course\\Crypto Curreny Project\\Backend\\node_modules\\express\\lib\\router\\route.js:119:3)\n    at Layer.handle [as handle_request] (A:\\WEB Course\\Crypto Curreny Project\\Backend\\node_modules\\express\\lib\\router\\layer.js:95:5)\n    at A:\\WEB Course\\Crypto Curreny Project\\Backend\\node_modules\\express\\lib\\router\\index.js:284:15\n    at Function.process_params (A:\\WEB Course\\Crypto Curreny Project\\Backend\\node_modules\\express\\lib\\router\\index.js:346:12)\n    at next (A:\\WEB Course\\Crypto Curreny Project\\Backend\\node_modules\\express\\lib\\router\\index.js:280:10)\n    at Function.handle (A:\\WEB Course\\Crypto Curreny Project\\Backend\\node_modules\\express\\lib\\router\\index.js:175:3)","status":"error","statusCode":500,"timestamp":"2025-01-16 16:49:45"}
{"level":"info","message":"MongoDB Connected: ac-rybzc0j-shard-00-00.ms7amfn.mongodb.net","service":"api","timestamp":"2025-01-16 19:19:03"}
{"level":"info","message":"Server running in development mode on port 5000","service":"api","timestamp":"2025-01-16 19:19:03"}
{"level":"info","message":"MongoDB Connected: ac-rybzc0j-shard-00-00.ms7amfn.mongodb.net","service":"api","timestamp":"2025-01-16 19:26:57"}
{"level":"info","message":"Server running in development mode on port 5000","service":"api","timestamp":"2025-01-16 19:26:57"}
{"level":"info","message":"MongoDB Connected: ac-rybzc0j-shard-00-02.ms7amfn.mongodb.net","service":"api","timestamp":"2025-01-16 19:27:36"}
{"level":"info","message":"Server running in development mode on port 5000","service":"api","timestamp":"2025-01-16 19:27:36"}
{"level":"info","message":"MongoDB Connected: ac-rybzc0j-shard-00-02.ms7amfn.mongodb.net","service":"api","timestamp":"2025-01-16 19:27:57"}
{"level":"info","message":"Server running in development mode on port 5000","service":"api","timestamp":"2025-01-16 19:27:57"}
{"level":"info","message":"MongoDB Connected: ac-rybzc0j-shard-00-01.ms7amfn.mongodb.net","service":"api","timestamp":"2025-01-16 19:29:14"}
{"level":"info","message":"Server running in development mode on port 5000","service":"api","timestamp":"2025-01-16 19:29:14"}
{"level":"info","message":"MongoDB Connected: ac-rybzc0j-shard-00-02.ms7amfn.mongodb.net","service":"api","timestamp":"2025-01-16 19:29:58"}
{"level":"info","message":"Server running in development mode on port 5000","service":"api","timestamp":"2025-01-16 19:29:58"}
{"level":"info","message":"MongoDB Connected: ac-rybzc0j-shard-00-01.ms7amfn.mongodb.net","service":"api","timestamp":"2025-01-16 19:30:17"}
{"level":"info","message":"Server running in development mode on port 5000","service":"api","timestamp":"2025-01-16 19:30:17"}
{"level":"error","message":"Error 💥 Invalid Google token or authentication failed","service":"api","stack":"Error: Invalid Google token or authentication failed\n    at Object.googleLogin (file:///A:/WEB%20Course/Crypto%20Curreny%20Project/Backend/services/auth.service.js:123:19)\n    at process.processTicksAndRejections (node:internal/process/task_queues:95:5)\n    at async file:///A:/WEB%20Course/Crypto%20Curreny%20Project/Backend/controllers/auth.controller.js:28:39","status":"error","statusCode":500,"timestamp":"2025-01-16 19:31:02"}
{"level":"info","message":"MongoDB Connected: ac-rybzc0j-shard-00-00.ms7amfn.mongodb.net","service":"api","timestamp":"2025-01-16 19:31:35"}
{"level":"info","message":"Server running in development mode on port 5000","service":"api","timestamp":"2025-01-16 19:31:35"}
{"level":"error","message":"Error 💥 Invalid Google token or authentication failed","service":"api","stack":"Error: Invalid Google token or authentication failed\n    at Object.googleLogin (file:///A:/WEB%20Course/Crypto%20Curreny%20Project/Backend/services/auth.service.js:123:19)\n    at process.processTicksAndRejections (node:internal/process/task_queues:95:5)\n    at async file:///A:/WEB%20Course/Crypto%20Curreny%20Project/Backend/controllers/auth.controller.js:28:39","status":"error","statusCode":500,"timestamp":"2025-01-16 19:34:22"}
{"level":"error","message":"Error 💥 Invalid Google token or authentication failed","service":"api","stack":"Error: Invalid Google token or authentication failed\n    at Object.googleLogin (file:///A:/WEB%20Course/Crypto%20Curreny%20Project/Backend/services/auth.service.js:123:19)\n    at process.processTicksAndRejections (node:internal/process/task_queues:95:5)\n    at async file:///A:/WEB%20Course/Crypto%20Curreny%20Project/Backend/controllers/auth.controller.js:28:39","status":"error","statusCode":500,"timestamp":"2025-01-16 19:34:39"}
{"level":"error","message":"Error 💥 Invalid Google token or authentication failed","service":"api","stack":"Error: Invalid Google token or authentication failed\n    at Object.googleLogin (file:///A:/WEB%20Course/Crypto%20Curreny%20Project/Backend/services/auth.service.js:123:19)\n    at process.processTicksAndRejections (node:internal/process/task_queues:95:5)\n    at async file:///A:/WEB%20Course/Crypto%20Curreny%20Project/Backend/controllers/auth.controller.js:28:39","status":"error","statusCode":500,"timestamp":"2025-01-16 19:35:53"}
{"level":"info","message":"MongoDB Connected: ac-rybzc0j-shard-00-01.ms7amfn.mongodb.net","service":"api","timestamp":"2025-01-16 19:37:18"}
{"level":"info","message":"Server running in development mode on port 5000","service":"api","timestamp":"2025-01-16 19:37:18"}
{"level":"error","message":"Error 💥 Invalid Google token or authentication failed","service":"api","stack":"Error: Invalid Google token or authentication failed\n    at Object.googleLogin (file:///A:/WEB%20Course/Crypto%20Curreny%20Project/Backend/services/auth.service.js:124:19)\n    at process.processTicksAndRejections (node:internal/process/task_queues:95:5)\n    at async file:///A:/WEB%20Course/Crypto%20Curreny%20Project/Backend/controllers/auth.controller.js:28:39","status":"error","statusCode":500,"timestamp":"2025-01-16 19:37:26"}
{"level":"error","message":"Error 💥 Invalid Google token or authentication failed","service":"api","stack":"Error: Invalid Google token or authentication failed\n    at Object.googleLogin (file:///A:/WEB%20Course/Crypto%20Curreny%20Project/Backend/services/auth.service.js:124:19)\n    at process.processTicksAndRejections (node:internal/process/task_queues:95:5)\n    at async file:///A:/WEB%20Course/Crypto%20Curreny%20Project/Backend/controllers/auth.controller.js:28:39","status":"error","statusCode":500,"timestamp":"2025-01-16 19:38:16"}
{"level":"error","message":"Error 💥 Invalid Google token or authentication failed","service":"api","stack":"Error: Invalid Google token or authentication failed\n    at Object.googleLogin (file:///A:/WEB%20Course/Crypto%20Curreny%20Project/Backend/services/auth.service.js:124:19)\n    at process.processTicksAndRejections (node:internal/process/task_queues:95:5)\n    at async file:///A:/WEB%20Course/Crypto%20Curreny%20Project/Backend/controllers/auth.controller.js:28:39","status":"error","statusCode":500,"timestamp":"2025-01-16 19:39:27"}
{"level":"error","message":"Error 💥 Invalid Google token or authentication failed","service":"api","stack":"Error: Invalid Google token or authentication failed\n    at Object.googleLogin (file:///A:/WEB%20Course/Crypto%20Curreny%20Project/Backend/services/auth.service.js:124:19)\n    at process.processTicksAndRejections (node:internal/process/task_queues:95:5)\n    at async file:///A:/WEB%20Course/Crypto%20Curreny%20Project/Backend/controllers/auth.controller.js:28:39","status":"error","statusCode":500,"timestamp":"2025-01-16 19:39:48"}
{"level":"error","message":"Error 💥 Illegal arguments: string, undefined","service":"api","stack":"Error: Illegal arguments: string, undefined\n    at _async (A:\\WEB Course\\Crypto Curreny Project\\Backend\\node_modules\\bcryptjs\\dist\\bcrypt.js:286:46)\n    at A:\\WEB Course\\Crypto Curreny Project\\Backend\\node_modules\\bcryptjs\\dist\\bcrypt.js:307:17\n    at new Promise (<anonymous>)\n    at bcrypt.compare (A:\\WEB Course\\Crypto Curreny Project\\Backend\\node_modules\\bcryptjs\\dist\\bcrypt.js:306:20)\n    at Object.login (file:///A:/WEB%20Course/Crypto%20Curreny%20Project/Backend/services/auth.service.js:42:49)\n    at process.processTicksAndRejections (node:internal/process/task_queues:95:5)\n    at async file:///A:/WEB%20Course/Crypto%20Curreny%20Project/Backend/controllers/auth.controller.js:14:29","status":"error","statusCode":500,"timestamp":"2025-01-16 19:40:33"}
{"level":"error","message":"Error 💥 ApiError is not defined","service":"api","stack":"ReferenceError: ApiError is not defined\n    at file:///A:/WEB%20Course/Crypto%20Curreny%20Project/Backend/controllers/auth.controller.js:25:9\n    at file:///A:/WEB%20Course/Crypto%20Curreny%20Project/Backend/utils/catchAsync.js:2:21\n    at Layer.handle [as handle_request] (A:\\WEB Course\\Crypto Curreny Project\\Backend\\node_modules\\express\\lib\\router\\layer.js:95:5)\n    at next (A:\\WEB Course\\Crypto Curreny Project\\Backend\\node_modules\\express\\lib\\router\\route.js:149:13)\n    at Route.dispatch (A:\\WEB Course\\Crypto Curreny Project\\Backend\\node_modules\\express\\lib\\router\\route.js:119:3)\n    at Layer.handle [as handle_request] (A:\\WEB Course\\Crypto Curreny Project\\Backend\\node_modules\\express\\lib\\router\\layer.js:95:5)\n    at A:\\WEB Course\\Crypto Curreny Project\\Backend\\node_modules\\express\\lib\\router\\index.js:284:15\n    at Function.process_params (A:\\WEB Course\\Crypto Curreny Project\\Backend\\node_modules\\express\\lib\\router\\index.js:346:12)\n    at next (A:\\WEB Course\\Crypto Curreny Project\\Backend\\node_modules\\express\\lib\\router\\index.js:280:10)\n    at Function.handle (A:\\WEB Course\\Crypto Curreny Project\\Backend\\node_modules\\express\\lib\\router\\index.js:175:3)","status":"error","statusCode":500,"timestamp":"2025-01-16 19:43:55"}
{"level":"error","message":"Error 💥 ApiError is not defined","service":"api","stack":"ReferenceError: ApiError is not defined\n    at file:///A:/WEB%20Course/Crypto%20Curreny%20Project/Backend/controllers/auth.controller.js:25:9\n    at file:///A:/WEB%20Course/Crypto%20Curreny%20Project/Backend/utils/catchAsync.js:2:21\n    at Layer.handle [as handle_request] (A:\\WEB Course\\Crypto Curreny Project\\Backend\\node_modules\\express\\lib\\router\\layer.js:95:5)\n    at next (A:\\WEB Course\\Crypto Curreny Project\\Backend\\node_modules\\express\\lib\\router\\route.js:149:13)\n    at Route.dispatch (A:\\WEB Course\\Crypto Curreny Project\\Backend\\node_modules\\express\\lib\\router\\route.js:119:3)\n    at Layer.handle [as handle_request] (A:\\WEB Course\\Crypto Curreny Project\\Backend\\node_modules\\express\\lib\\router\\layer.js:95:5)\n    at A:\\WEB Course\\Crypto Curreny Project\\Backend\\node_modules\\express\\lib\\router\\index.js:284:15\n    at Function.process_params (A:\\WEB Course\\Crypto Curreny Project\\Backend\\node_modules\\express\\lib\\router\\index.js:346:12)\n    at next (A:\\WEB Course\\Crypto Curreny Project\\Backend\\node_modules\\express\\lib\\router\\index.js:280:10)\n    at Function.handle (A:\\WEB Course\\Crypto Curreny Project\\Backend\\node_modules\\express\\lib\\router\\index.js:175:3)","status":"error","statusCode":500,"timestamp":"2025-01-16 19:44:10"}
{"level":"info","message":"MongoDB Connected: ac-rybzc0j-shard-00-02.ms7amfn.mongodb.net","service":"api","timestamp":"2025-01-16 19:45:31"}
{"level":"info","message":"Server running in development mode on port 5000","service":"api","timestamp":"2025-01-16 19:45:31"}
{"isOperational":true,"level":"error","message":"Error 💥 Google token is required","service":"api","stack":"Error: Google token is required\n    at file:///A:/WEB%20Course/Crypto%20Curreny%20Project/Backend/controllers/auth.controller.js:26:15\n    at file:///A:/WEB%20Course/Crypto%20Curreny%20Project/Backend/utils/catchAsync.js:2:21\n    at Layer.handle [as handle_request] (A:\\WEB Course\\Crypto Curreny Project\\Backend\\node_modules\\express\\lib\\router\\layer.js:95:5)\n    at next (A:\\WEB Course\\Crypto Curreny Project\\Backend\\node_modules\\express\\lib\\router\\route.js:149:13)\n    at Route.dispatch (A:\\WEB Course\\Crypto Curreny Project\\Backend\\node_modules\\express\\lib\\router\\route.js:119:3)\n    at Layer.handle [as handle_request] (A:\\WEB Course\\Crypto Curreny Project\\Backend\\node_modules\\express\\lib\\router\\layer.js:95:5)\n    at A:\\WEB Course\\Crypto Curreny Project\\Backend\\node_modules\\express\\lib\\router\\index.js:284:15\n    at Function.process_params (A:\\WEB Course\\Crypto Curreny Project\\Backend\\node_modules\\express\\lib\\router\\index.js:346:12)\n    at next (A:\\WEB Course\\Crypto Curreny Project\\Backend\\node_modules\\express\\lib\\router\\index.js:280:10)\n    at Function.handle (A:\\WEB Course\\Crypto Curreny Project\\Backend\\node_modules\\express\\lib\\router\\index.js:175:3)","status":"fail","statusCode":400,"timestamp":"2025-01-16 19:45:46"}
{"isOperational":true,"level":"error","message":"Error 💥 Google token is required","service":"api","stack":"Error: Google token is required\n    at file:///A:/WEB%20Course/Crypto%20Curreny%20Project/Backend/controllers/auth.controller.js:26:15\n    at file:///A:/WEB%20Course/Crypto%20Curreny%20Project/Backend/utils/catchAsync.js:2:21\n    at Layer.handle [as handle_request] (A:\\WEB Course\\Crypto Curreny Project\\Backend\\node_modules\\express\\lib\\router\\layer.js:95:5)\n    at next (A:\\WEB Course\\Crypto Curreny Project\\Backend\\node_modules\\express\\lib\\router\\route.js:149:13)\n    at Route.dispatch (A:\\WEB Course\\Crypto Curreny Project\\Backend\\node_modules\\express\\lib\\router\\route.js:119:3)\n    at Layer.handle [as handle_request] (A:\\WEB Course\\Crypto Curreny Project\\Backend\\node_modules\\express\\lib\\router\\layer.js:95:5)\n    at A:\\WEB Course\\Crypto Curreny Project\\Backend\\node_modules\\express\\lib\\router\\index.js:284:15\n    at Function.process_params (A:\\WEB Course\\Crypto Curreny Project\\Backend\\node_modules\\express\\lib\\router\\index.js:346:12)\n    at next (A:\\WEB Course\\Crypto Curreny Project\\Backend\\node_modules\\express\\lib\\router\\index.js:280:10)\n    at Function.handle (A:\\WEB Course\\Crypto Curreny Project\\Backend\\node_modules\\express\\lib\\router\\index.js:175:3)","status":"fail","statusCode":400,"timestamp":"2025-01-16 19:48:14"}
{"isOperational":true,"level":"error","message":"Error 💥 Google token is required","service":"api","stack":"Error: Google token is required\n    at file:///A:/WEB%20Course/Crypto%20Curreny%20Project/Backend/controllers/auth.controller.js:26:15\n    at file:///A:/WEB%20Course/Crypto%20Curreny%20Project/Backend/utils/catchAsync.js:2:21\n    at Layer.handle [as handle_request] (A:\\WEB Course\\Crypto Curreny Project\\Backend\\node_modules\\express\\lib\\router\\layer.js:95:5)\n    at next (A:\\WEB Course\\Crypto Curreny Project\\Backend\\node_modules\\express\\lib\\router\\route.js:149:13)\n    at Route.dispatch (A:\\WEB Course\\Crypto Curreny Project\\Backend\\node_modules\\express\\lib\\router\\route.js:119:3)\n    at Layer.handle [as handle_request] (A:\\WEB Course\\Crypto Curreny Project\\Backend\\node_modules\\express\\lib\\router\\layer.js:95:5)\n    at A:\\WEB Course\\Crypto Curreny Project\\Backend\\node_modules\\express\\lib\\router\\index.js:284:15\n    at Function.process_params (A:\\WEB Course\\Crypto Curreny Project\\Backend\\node_modules\\express\\lib\\router\\index.js:346:12)\n    at next (A:\\WEB Course\\Crypto Curreny Project\\Backend\\node_modules\\express\\lib\\router\\index.js:280:10)\n    at Function.handle (A:\\WEB Course\\Crypto Curreny Project\\Backend\\node_modules\\express\\lib\\router\\index.js:175:3)","status":"fail","statusCode":400,"timestamp":"2025-01-16 19:48:50"}
{"level":"info","message":"MongoDB Connected: ac-rybzc0j-shard-00-01.ms7amfn.mongodb.net","service":"api","timestamp":"2025-01-16 19:49:26"}
{"level":"info","message":"Server running in development mode on port 5000","service":"api","timestamp":"2025-01-16 19:49:26"}
{"isOperational":true,"level":"error","message":"Error 💥 Google token is required","service":"api","stack":"Error: Google token is required\n    at file:///A:/WEB%20Course/Crypto%20Curreny%20Project/Backend/controllers/auth.controller.js:27:15\n    at file:///A:/WEB%20Course/Crypto%20Curreny%20Project/Backend/utils/catchAsync.js:2:21\n    at Layer.handle [as handle_request] (A:\\WEB Course\\Crypto Curreny Project\\Backend\\node_modules\\express\\lib\\router\\layer.js:95:5)\n    at next (A:\\WEB Course\\Crypto Curreny Project\\Backend\\node_modules\\express\\lib\\router\\route.js:149:13)\n    at Route.dispatch (A:\\WEB Course\\Crypto Curreny Project\\Backend\\node_modules\\express\\lib\\router\\route.js:119:3)\n    at Layer.handle [as handle_request] (A:\\WEB Course\\Crypto Curreny Project\\Backend\\node_modules\\express\\lib\\router\\layer.js:95:5)\n    at A:\\WEB Course\\Crypto Curreny Project\\Backend\\node_modules\\express\\lib\\router\\index.js:284:15\n    at Function.process_params (A:\\WEB Course\\Crypto Curreny Project\\Backend\\node_modules\\express\\lib\\router\\index.js:346:12)\n    at next (A:\\WEB Course\\Crypto Curreny Project\\Backend\\node_modules\\express\\lib\\router\\index.js:280:10)\n    at Function.handle (A:\\WEB Course\\Crypto Curreny Project\\Backend\\node_modules\\express\\lib\\router\\index.js:175:3)","status":"fail","statusCode":400,"timestamp":"2025-01-16 19:49:40"}
{"level":"info","message":"MongoDB Connected: ac-rybzc0j-shard-00-00.ms7amfn.mongodb.net","service":"api","timestamp":"2025-01-16 19:50:07"}
{"level":"info","message":"Server running in development mode on port 5000","service":"api","timestamp":"2025-01-16 19:50:07"}
{"isOperational":true,"level":"error","message":"Error 💥 Google token is required","service":"api","stack":"Error: Google token is required\n    at file:///A:/WEB%20Course/Crypto%20Curreny%20Project/Backend/controllers/auth.controller.js:27:15\n    at file:///A:/WEB%20Course/Crypto%20Curreny%20Project/Backend/utils/catchAsync.js:2:21\n    at Layer.handle [as handle_request] (A:\\WEB Course\\Crypto Curreny Project\\Backend\\node_modules\\express\\lib\\router\\layer.js:95:5)\n    at next (A:\\WEB Course\\Crypto Curreny Project\\Backend\\node_modules\\express\\lib\\router\\route.js:149:13)\n    at Route.dispatch (A:\\WEB Course\\Crypto Curreny Project\\Backend\\node_modules\\express\\lib\\router\\route.js:119:3)\n    at Layer.handle [as handle_request] (A:\\WEB Course\\Crypto Curreny Project\\Backend\\node_modules\\express\\lib\\router\\layer.js:95:5)\n    at A:\\WEB Course\\Crypto Curreny Project\\Backend\\node_modules\\express\\lib\\router\\index.js:284:15\n    at Function.process_params (A:\\WEB Course\\Crypto Curreny Project\\Backend\\node_modules\\express\\lib\\router\\index.js:346:12)\n    at next (A:\\WEB Course\\Crypto Curreny Project\\Backend\\node_modules\\express\\lib\\router\\index.js:280:10)\n    at Function.handle (A:\\WEB Course\\Crypto Curreny Project\\Backend\\node_modules\\express\\lib\\router\\index.js:175:3)","status":"fail","statusCode":400,"timestamp":"2025-01-16 19:50:15"}
{"level":"info","message":"MongoDB Connected: ac-rybzc0j-shard-00-00.ms7amfn.mongodb.net","service":"api","timestamp":"2025-01-16 19:50:33"}
{"level":"info","message":"Server running in development mode on port 5000","service":"api","timestamp":"2025-01-16 19:50:33"}
{"level":"info","message":"MongoDB Connected: ac-rybzc0j-shard-00-01.ms7amfn.mongodb.net","service":"api","timestamp":"2025-01-16 19:50:42"}
{"level":"info","message":"Server running in development mode on port 5000","service":"api","timestamp":"2025-01-16 19:50:42"}
{"level":"info","message":"MongoDB Connected: ac-rybzc0j-shard-00-02.ms7amfn.mongodb.net","service":"api","timestamp":"2025-01-16 19:50:48"}
{"level":"info","message":"Server running in development mode on port 5000","service":"api","timestamp":"2025-01-16 19:50:48"}
{"isOperational":true,"level":"error","message":"Error 💥 Google token is required","service":"api","stack":"Error: Google token is required\n    at file:///A:/WEB%20Course/Crypto%20Curreny%20Project/Backend/controllers/auth.controller.js:27:15\n    at file:///A:/WEB%20Course/Crypto%20Curreny%20Project/Backend/utils/catchAsync.js:2:21\n    at Layer.handle [as handle_request] (A:\\WEB Course\\Crypto Curreny Project\\Backend\\node_modules\\express\\lib\\router\\layer.js:95:5)\n    at next (A:\\WEB Course\\Crypto Curreny Project\\Backend\\node_modules\\express\\lib\\router\\route.js:149:13)\n    at Route.dispatch (A:\\WEB Course\\Crypto Curreny Project\\Backend\\node_modules\\express\\lib\\router\\route.js:119:3)\n    at Layer.handle [as handle_request] (A:\\WEB Course\\Crypto Curreny Project\\Backend\\node_modules\\express\\lib\\router\\layer.js:95:5)\n    at A:\\WEB Course\\Crypto Curreny Project\\Backend\\node_modules\\express\\lib\\router\\index.js:284:15\n    at Function.process_params (A:\\WEB Course\\Crypto Curreny Project\\Backend\\node_modules\\express\\lib\\router\\index.js:346:12)\n    at next (A:\\WEB Course\\Crypto Curreny Project\\Backend\\node_modules\\express\\lib\\router\\index.js:280:10)\n    at Function.handle (A:\\WEB Course\\Crypto Curreny Project\\Backend\\node_modules\\express\\lib\\router\\index.js:175:3)","status":"fail","statusCode":400,"timestamp":"2025-01-16 19:50:51"}
{"level":"info","message":"MongoDB Connected: ac-rybzc0j-shard-00-01.ms7amfn.mongodb.net","service":"api","timestamp":"2025-01-16 19:51:04"}
{"level":"info","message":"Server running in development mode on port 5000","service":"api","timestamp":"2025-01-16 19:51:04"}
{"isOperational":true,"level":"error","message":"Error 💥 Google token is required","service":"api","stack":"Error: Google token is required\n    at file:///A:/WEB%20Course/Crypto%20Curreny%20Project/Backend/controllers/auth.controller.js:27:15\n    at file:///A:/WEB%20Course/Crypto%20Curreny%20Project/Backend/utils/catchAsync.js:2:21\n    at Layer.handle [as handle_request] (A:\\WEB Course\\Crypto Curreny Project\\Backend\\node_modules\\express\\lib\\router\\layer.js:95:5)\n    at next (A:\\WEB Course\\Crypto Curreny Project\\Backend\\node_modules\\express\\lib\\router\\route.js:149:13)\n    at Route.dispatch (A:\\WEB Course\\Crypto Curreny Project\\Backend\\node_modules\\express\\lib\\router\\route.js:119:3)\n    at Layer.handle [as handle_request] (A:\\WEB Course\\Crypto Curreny Project\\Backend\\node_modules\\express\\lib\\router\\layer.js:95:5)\n    at A:\\WEB Course\\Crypto Curreny Project\\Backend\\node_modules\\express\\lib\\router\\index.js:284:15\n    at Function.process_params (A:\\WEB Course\\Crypto Curreny Project\\Backend\\node_modules\\express\\lib\\router\\index.js:346:12)\n    at next (A:\\WEB Course\\Crypto Curreny Project\\Backend\\node_modules\\express\\lib\\router\\index.js:280:10)\n    at Function.handle (A:\\WEB Course\\Crypto Curreny Project\\Backend\\node_modules\\express\\lib\\router\\index.js:175:3)","status":"fail","statusCode":400,"timestamp":"2025-01-16 19:51:07"}
{"level":"info","message":"MongoDB Connected: ac-rybzc0j-shard-00-01.ms7amfn.mongodb.net","service":"api","timestamp":"2025-01-16 19:51:45"}
{"level":"info","message":"Server running in development mode on port 5000","service":"api","timestamp":"2025-01-16 19:51:45"}
{"level":"error","message":"Error 💥 Invalid Google token or authentication failed","service":"api","stack":"Error: Invalid Google token or authentication failed\n    at Object.googleLogin (file:///A:/WEB%20Course/Crypto%20Curreny%20Project/Backend/services/auth.service.js:124:19)\n    at process.processTicksAndRejections (node:internal/process/task_queues:95:5)\n    at async file:///A:/WEB%20Course/Crypto%20Curreny%20Project/Backend/controllers/auth.controller.js:30:39","status":"error","statusCode":500,"timestamp":"2025-01-16 19:51:58"}
{"level":"info","message":"MongoDB Connected: ac-rybzc0j-shard-00-02.ms7amfn.mongodb.net","service":"api","timestamp":"2025-01-16 19:52:26"}
{"level":"info","message":"Server running in development mode on port 5000","service":"api","timestamp":"2025-01-16 19:52:26"}
{"level":"info","message":"MongoDB Connected: ac-rybzc0j-shard-00-00.ms7amfn.mongodb.net","service":"api","timestamp":"2025-01-16 19:52:48"}
{"level":"info","message":"Server running in development mode on port 5000","service":"api","timestamp":"2025-01-16 19:52:48"}
{"isOperational":true,"level":"error","message":"Error 💥 Google token is required","service":"api","stack":"Error: Google token is required\n    at file:///A:/WEB%20Course/Crypto%20Curreny%20Project/Backend/controllers/auth.controller.js:26:15\n    at file:///A:/WEB%20Course/Crypto%20Curreny%20Project/Backend/utils/catchAsync.js:2:21\n    at Layer.handle [as handle_request] (A:\\WEB Course\\Crypto Curreny Project\\Backend\\node_modules\\express\\lib\\router\\layer.js:95:5)\n    at next (A:\\WEB Course\\Crypto Curreny Project\\Backend\\node_modules\\express\\lib\\router\\route.js:149:13)\n    at Route.dispatch (A:\\WEB Course\\Crypto Curreny Project\\Backend\\node_modules\\express\\lib\\router\\route.js:119:3)\n    at Layer.handle [as handle_request] (A:\\WEB Course\\Crypto Curreny Project\\Backend\\node_modules\\express\\lib\\router\\layer.js:95:5)\n    at A:\\WEB Course\\Crypto Curreny Project\\Backend\\node_modules\\express\\lib\\router\\index.js:284:15\n    at Function.process_params (A:\\WEB Course\\Crypto Curreny Project\\Backend\\node_modules\\express\\lib\\router\\index.js:346:12)\n    at next (A:\\WEB Course\\Crypto Curreny Project\\Backend\\node_modules\\express\\lib\\router\\index.js:280:10)\n    at Function.handle (A:\\WEB Course\\Crypto Curreny Project\\Backend\\node_modules\\express\\lib\\router\\index.js:175:3)","status":"fail","statusCode":400,"timestamp":"2025-01-16 19:57:18"}
{"level":"info","message":"MongoDB Connected: ac-rybzc0j-shard-00-02.ms7amfn.mongodb.net","service":"api","timestamp":"2025-01-16 19:57:53"}
{"level":"info","message":"Server running in development mode on port 5000","service":"api","timestamp":"2025-01-16 19:57:53"}
{"level":"error","message":"Error 💥 Invalid Google token or authentication failed","service":"api","stack":"Error: Invalid Google token or authentication failed\n    at Object.googleLogin (file:///A:/WEB%20Course/Crypto%20Curreny%20Project/Backend/services/auth.service.js:123:19)\n    at process.processTicksAndRejections (node:internal/process/task_queues:95:5)\n    at async file:///A:/WEB%20Course/Crypto%20Curreny%20Project/Backend/controllers/auth.controller.js:29:39","status":"error","statusCode":500,"timestamp":"2025-01-16 19:57:54"}
{"level":"error","message":"Error 💥 Invalid Google token or authentication failed","service":"api","stack":"Error: Invalid Google token or authentication failed\n    at Object.googleLogin (file:///A:/WEB%20Course/Crypto%20Curreny%20Project/Backend/services/auth.service.js:123:19)\n    at process.processTicksAndRejections (node:internal/process/task_queues:95:5)\n    at async file:///A:/WEB%20Course/Crypto%20Curreny%20Project/Backend/controllers/auth.controller.js:29:39","status":"error","statusCode":500,"timestamp":"2025-01-16 19:58:47"}
{"level":"info","message":"MongoDB Connected: ac-rybzc0j-shard-00-02.ms7amfn.mongodb.net","service":"api","timestamp":"2025-01-16 20:06:00"}
{"level":"info","message":"Server running in development mode on port 5000","service":"api","timestamp":"2025-01-16 20:06:00"}
{"level":"error","message":"Error 💥 Invalid Google token or authentication failed","service":"api","stack":"Error: Invalid Google token or authentication failed\n    at Object.googleLogin (file:///A:/WEB%20Course/Crypto%20Curreny%20Project/Backend/services/auth.service.js:125:19)\n    at process.processTicksAndRejections (node:internal/process/task_queues:95:5)\n    at async file:///A:/WEB%20Course/Crypto%20Curreny%20Project/Backend/controllers/auth.controller.js:29:39","status":"error","statusCode":500,"timestamp":"2025-01-16 20:06:21"}
{"level":"info","message":"MongoDB Connected: ac-rybzc0j-shard-00-02.ms7amfn.mongodb.net","service":"api","timestamp":"2025-01-16 20:06:50"}
{"level":"info","message":"Server running in development mode on port 5000","service":"api","timestamp":"2025-01-16 20:06:50"}
{"level":"info","message":"MongoDB Connected: ac-rybzc0j-shard-00-02.ms7amfn.mongodb.net","service":"api","timestamp":"2025-01-16 20:08:40"}
{"level":"info","message":"Server running in development mode on port 5000","service":"api","timestamp":"2025-01-16 20:08:40"}
{"level":"info","message":"MongoDB Connected: ac-rybzc0j-shard-00-02.ms7amfn.mongodb.net","service":"api","timestamp":"2025-01-16 20:08:58"}
{"level":"info","message":"Server running in development mode on port 5000","service":"api","timestamp":"2025-01-16 20:08:58"}
{"level":"info","message":"MongoDB Connected: ac-rybzc0j-shard-00-02.ms7amfn.mongodb.net","service":"api","timestamp":"2025-01-16 20:09:33"}
{"level":"info","message":"Server running in development mode on port 5000","service":"api","timestamp":"2025-01-16 20:09:33"}
{"level":"info","message":"MongoDB Connected: ac-rybzc0j-shard-00-00.ms7amfn.mongodb.net","service":"api","timestamp":"2025-01-16 20:10:07"}
{"level":"info","message":"Server running in development mode on port 5000","service":"api","timestamp":"2025-01-16 20:10:07"}
{"level":"info","message":"MongoDB Connected: ac-rybzc0j-shard-00-00.ms7amfn.mongodb.net","service":"api","timestamp":"2025-01-16 20:10:18"}
{"level":"info","message":"Server running in development mode on port 5000","service":"api","timestamp":"2025-01-16 20:10:18"}
{"level":"info","message":"MongoDB Connected: ac-rybzc0j-shard-00-02.ms7amfn.mongodb.net","service":"api","timestamp":"2025-01-16 20:10:57"}
{"level":"info","message":"Server running in development mode on port 5000","service":"api","timestamp":"2025-01-16 20:10:57"}
{"level":"info","message":"MongoDB Connected: ac-rybzc0j-shard-00-01.ms7amfn.mongodb.net","service":"api","timestamp":"2025-01-16 20:11:15"}
{"level":"info","message":"Server running in development mode on port 5000","service":"api","timestamp":"2025-01-16 20:11:15"}
{"isOperational":true,"level":"error","message":"Error 💥 Invalid Google token or authentication failed","service":"api","stack":"Error: Invalid Google token or authentication failed\n    at Object.googleLogin (file:///A:/WEB%20Course/Crypto%20Curreny%20Project/Backend/services/auth.service.js:120:19)\n    at file:///A:/WEB%20Course/Crypto%20Curreny%20Project/Backend/controllers/auth.controller.js:32:38\n    at file:///A:/WEB%20Course/Crypto%20Curreny%20Project/Backend/utils/catchAsync.js:2:21\n    at Layer.handle [as handle_request] (A:\\WEB Course\\Crypto Curreny Project\\Backend\\node_modules\\express\\lib\\router\\layer.js:95:5)\n    at next (A:\\WEB Course\\Crypto Curreny Project\\Backend\\node_modules\\express\\lib\\router\\route.js:149:13)\n    at Route.dispatch (A:\\WEB Course\\Crypto Curreny Project\\Backend\\node_modules\\express\\lib\\router\\route.js:119:3)\n    at Layer.handle [as handle_request] (A:\\WEB Course\\Crypto Curreny Project\\Backend\\node_modules\\express\\lib\\router\\layer.js:95:5)\n    at A:\\WEB Course\\Crypto Curreny Project\\Backend\\node_modules\\express\\lib\\router\\index.js:284:15\n    at Function.process_params (A:\\WEB Course\\Crypto Curreny Project\\Backend\\node_modules\\express\\lib\\router\\index.js:346:12)\n    at next (A:\\WEB Course\\Crypto Curreny Project\\Backend\\node_modules\\express\\lib\\router\\index.js:280:10)","status":"error","statusCode":500,"timestamp":"2025-01-16 20:11:33"}
{"level":"info","message":"MongoDB Connected: ac-rybzc0j-shard-00-01.ms7amfn.mongodb.net","service":"api","timestamp":"2025-01-16 20:12:19"}
{"level":"info","message":"Server running in development mode on port 5000","service":"api","timestamp":"2025-01-16 20:12:19"}
{"level":"info","message":"MongoDB Connected: ac-rybzc0j-shard-00-00.ms7amfn.mongodb.net","service":"api","timestamp":"2025-01-16 20:12:31"}
{"level":"info","message":"Server running in development mode on port 5000","service":"api","timestamp":"2025-01-16 20:12:31"}
{"isOperational":true,"level":"error","message":"Error 💥 Invalid Google token or authentication failed","service":"api","stack":"Error: Invalid Google token or authentication failed\n    at Object.googleLogin (file:///A:/WEB%20Course/Crypto%20Curreny%20Project/Backend/services/auth.service.js:120:19)\n    at file:///A:/WEB%20Course/Crypto%20Curreny%20Project/Backend/controllers/auth.controller.js:33:38\n    at file:///A:/WEB%20Course/Crypto%20Curreny%20Project/Backend/utils/catchAsync.js:2:21\n    at Layer.handle [as handle_request] (A:\\WEB Course\\Crypto Curreny Project\\Backend\\node_modules\\express\\lib\\router\\layer.js:95:5)\n    at next (A:\\WEB Course\\Crypto Curreny Project\\Backend\\node_modules\\express\\lib\\router\\route.js:149:13)\n    at Route.dispatch (A:\\WEB Course\\Crypto Curreny Project\\Backend\\node_modules\\express\\lib\\router\\route.js:119:3)\n    at Layer.handle [as handle_request] (A:\\WEB Course\\Crypto Curreny Project\\Backend\\node_modules\\express\\lib\\router\\layer.js:95:5)\n    at A:\\WEB Course\\Crypto Curreny Project\\Backend\\node_modules\\express\\lib\\router\\index.js:284:15\n    at Function.process_params (A:\\WEB Course\\Crypto Curreny Project\\Backend\\node_modules\\express\\lib\\router\\index.js:346:12)\n    at next (A:\\WEB Course\\Crypto Curreny Project\\Backend\\node_modules\\express\\lib\\router\\index.js:280:10)","status":"error","statusCode":500,"timestamp":"2025-01-16 20:12:33"}
{"level":"info","message":"MongoDB Connected: ac-rybzc0j-shard-00-02.ms7amfn.mongodb.net","service":"api","timestamp":"2025-01-16 20:15:29"}
{"level":"info","message":"Server running in development mode on port 5000","service":"api","timestamp":"2025-01-16 20:15:29"}
{"isOperational":true,"level":"error","message":"Error 💥 Invalid Google token or authentication failed","service":"api","stack":"Error: Invalid Google token or authentication failed\n    at Object.googleLogin (file:///A:/WEB%20Course/Crypto%20Curreny%20Project/Backend/services/auth.service.js:120:19)\n    at file:///A:/WEB%20Course/Crypto%20Curreny%20Project/Backend/controllers/auth.controller.js:33:38\n    at file:///A:/WEB%20Course/Crypto%20Curreny%20Project/Backend/utils/catchAsync.js:2:21\n    at Layer.handle [as handle_request] (A:\\WEB Course\\Crypto Curreny Project\\Backend\\node_modules\\express\\lib\\router\\layer.js:95:5)\n    at next (A:\\WEB Course\\Crypto Curreny Project\\Backend\\node_modules\\express\\lib\\router\\route.js:149:13)\n    at Route.dispatch (A:\\WEB Course\\Crypto Curreny Project\\Backend\\node_modules\\express\\lib\\router\\route.js:119:3)\n    at Layer.handle [as handle_request] (A:\\WEB Course\\Crypto Curreny Project\\Backend\\node_modules\\express\\lib\\router\\layer.js:95:5)\n    at A:\\WEB Course\\Crypto Curreny Project\\Backend\\node_modules\\express\\lib\\router\\index.js:284:15\n    at Function.process_params (A:\\WEB Course\\Crypto Curreny Project\\Backend\\node_modules\\express\\lib\\router\\index.js:346:12)\n    at next (A:\\WEB Course\\Crypto Curreny Project\\Backend\\node_modules\\express\\lib\\router\\index.js:280:10)","status":"error","statusCode":500,"timestamp":"2025-01-16 20:15:39"}
{"level":"info","message":"MongoDB Connected: ac-rybzc0j-shard-00-00.ms7amfn.mongodb.net","service":"api","timestamp":"2025-01-16 20:16:09"}
{"level":"info","message":"Server running in development mode on port 5000","service":"api","timestamp":"2025-01-16 20:16:09"}
{"level":"info","message":"MongoDB Connected: ac-rybzc0j-shard-00-01.ms7amfn.mongodb.net","service":"api","timestamp":"2025-01-16 20:16:22"}
{"level":"info","message":"Server running in development mode on port 5000","service":"api","timestamp":"2025-01-16 20:16:22"}
{"level":"info","message":"MongoDB Connected: ac-rybzc0j-shard-00-02.ms7amfn.mongodb.net","service":"api","timestamp":"2025-01-16 20:25:07"}
{"level":"info","message":"Server running in development mode on port 5000","service":"api","timestamp":"2025-01-16 20:25:07"}
{"level":"info","message":"MongoDB Connected: ac-rybzc0j-shard-00-02.ms7amfn.mongodb.net","service":"api","timestamp":"2025-01-16 20:30:16"}
{"level":"info","message":"Server running in development mode on port 5000","service":"api","timestamp":"2025-01-16 20:30:16"}
{"level":"info","message":"MongoDB Connected: ac-rybzc0j-shard-00-01.ms7amfn.mongodb.net","service":"api","timestamp":"2025-01-17 09:35:33"}
{"level":"info","message":"Server running in development mode on port 5000","service":"api","timestamp":"2025-01-17 09:35:33"}
{"level":"info","message":"MongoDB Connected: ac-rybzc0j-shard-00-02.ms7amfn.mongodb.net","service":"api","timestamp":"2025-01-18 11:29:21"}
{"level":"info","message":"Server running in development mode on port 5000","service":"api","timestamp":"2025-01-18 11:29:21"}
{"level":"info","message":"MongoDB Connected: ac-rybzc0j-shard-00-02.ms7amfn.mongodb.net","service":"api","timestamp":"2025-01-18 11:58:23"}
{"level":"info","message":"Server running in development mode on port 5000","service":"api","timestamp":"2025-01-18 11:58:23"}
{"level":"info","message":"MongoDB Connected: ac-rybzc0j-shard-00-00.ms7amfn.mongodb.net","service":"api","timestamp":"2025-01-18 13:45:48"}
{"level":"info","message":"Server running in development mode on port 5000","service":"api","timestamp":"2025-01-18 13:45:48"}
{"level":"info","message":"MongoDB Connected: ac-rybzc0j-shard-00-00.ms7amfn.mongodb.net","service":"api","timestamp":"2025-01-18 20:16:47"}
{"level":"info","message":"Server running in development mode on port 5000","service":"api","timestamp":"2025-01-18 20:16:47"}
